D:\MY DOCUMENTS\2015_2016_SEM1\DM2231 GDT\TEACHING MATERIALS\WEEK 02\PRACTICAL\DM2231_LAB2_MVC\DEBUG\DM2231_LAB2.EXE
D:\MY DOCUMENTS\2015_2016_SEM1\DM2231 GDT\TEACHING MATERIALS\WEEK 02\PRACTICAL\DM2231_LAB2_MVC\DEBUG\DM2231_LAB2.ILK
D:\MY DOCUMENTS\2015_2016_SEM1\DM2231 GDT\TEACHING MATERIALS\WEEK 02\PRACTICAL\DM2231_LAB2_MVC\DEBUG\DM2231_LAB2.PDB
D:\My Documents\2015_2016_SEM1\DM2231 GDT\Teaching Materials\Week 02\Practical\DM2231_Lab2_MVC\DM2231_Lab2\Debug\cl.command.1.tlog
D:\My Documents\2015_2016_SEM1\DM2231 GDT\Teaching Materials\Week 02\Practical\DM2231_Lab2_MVC\DM2231_Lab2\Debug\CL.read.1.tlog
D:\My Documents\2015_2016_SEM1\DM2231 GDT\Teaching Materials\Week 02\Practical\DM2231_Lab2_MVC\DM2231_Lab2\Debug\CL.write.1.tlog
D:\MY DOCUMENTS\2015_2016_SEM1\DM2231 GDT\TEACHING MATERIALS\WEEK 02\PRACTICAL\DM2231_LAB2_MVC\DM2231_LAB2\DEBUG\DM2231_CONTROLLER.OBJ
D:\MY DOCUMENTS\2015_2016_SEM1\DM2231 GDT\TEACHING MATERIALS\WEEK 02\PRACTICAL\DM2231_LAB2_MVC\DM2231_LAB2\DEBUG\DM2231_LAB2.EXE.EMBED.MANIFEST
D:\MY DOCUMENTS\2015_2016_SEM1\DM2231 GDT\TEACHING MATERIALS\WEEK 02\PRACTICAL\DM2231_LAB2_MVC\DM2231_LAB2\DEBUG\DM2231_LAB2.EXE.EMBED.MANIFEST.RES
D:\MY DOCUMENTS\2015_2016_SEM1\DM2231 GDT\TEACHING MATERIALS\WEEK 02\PRACTICAL\DM2231_LAB2_MVC\DM2231_LAB2\DEBUG\DM2231_LAB2.EXE.INTERMEDIATE.MANIFEST
D:\My Documents\2015_2016_SEM1\DM2231 GDT\Teaching Materials\Week 02\Practical\DM2231_Lab2_MVC\DM2231_Lab2\Debug\DM2231_Lab2.vcxprojResolveAssemblyReference.cache
D:\My Documents\2015_2016_SEM1\DM2231 GDT\Teaching Materials\Week 02\Practical\DM2231_Lab2_MVC\DM2231_Lab2\Debug\DM2231_Lab2.write.1.tlog
D:\My Documents\2015_2016_SEM1\DM2231 GDT\Teaching Materials\Week 02\Practical\DM2231_Lab2_MVC\DM2231_Lab2\Debug\DM2231_Lab2_manifest.rc
D:\MY DOCUMENTS\2015_2016_SEM1\DM2231 GDT\TEACHING MATERIALS\WEEK 02\PRACTICAL\DM2231_LAB2_MVC\DM2231_LAB2\DEBUG\DM2231_MODEL.OBJ
D:\MY DOCUMENTS\2015_2016_SEM1\DM2231 GDT\TEACHING MATERIALS\WEEK 02\PRACTICAL\DM2231_LAB2_MVC\DM2231_LAB2\DEBUG\DM2231_VIEW.OBJ
D:\My Documents\2015_2016_SEM1\DM2231 GDT\Teaching Materials\Week 02\Practical\DM2231_Lab2_MVC\DM2231_Lab2\Debug\link.5544.read.1.tlog
D:\My Documents\2015_2016_SEM1\DM2231 GDT\Teaching Materials\Week 02\Practical\DM2231_Lab2_MVC\DM2231_Lab2\Debug\link.5544.write.1.tlog
D:\My Documents\2015_2016_SEM1\DM2231 GDT\Teaching Materials\Week 02\Practical\DM2231_Lab2_MVC\DM2231_Lab2\Debug\link.5544-cvtres.read.1.tlog
D:\My Documents\2015_2016_SEM1\DM2231 GDT\Teaching Materials\Week 02\Practical\DM2231_Lab2_MVC\DM2231_Lab2\Debug\link.5544-cvtres.write.1.tlog
D:\My Documents\2015_2016_SEM1\DM2231 GDT\Teaching Materials\Week 02\Practical\DM2231_Lab2_MVC\DM2231_Lab2\Debug\link.command.1.tlog
D:\My Documents\2015_2016_SEM1\DM2231 GDT\Teaching Materials\Week 02\Practical\DM2231_Lab2_MVC\DM2231_Lab2\Debug\link.read.1.tlog
D:\My Documents\2015_2016_SEM1\DM2231 GDT\Teaching Materials\Week 02\Practical\DM2231_Lab2_MVC\DM2231_Lab2\Debug\link.write.1.tlog
D:\My Documents\2015_2016_SEM1\DM2231 GDT\Teaching Materials\Week 02\Practical\DM2231_Lab2_MVC\DM2231_Lab2\Debug\link-cvtres.read.1.tlog
D:\My Documents\2015_2016_SEM1\DM2231 GDT\Teaching Materials\Week 02\Practical\DM2231_Lab2_MVC\DM2231_Lab2\Debug\link-cvtres.write.1.tlog
D:\MY DOCUMENTS\2015_2016_SEM1\DM2231 GDT\TEACHING MATERIALS\WEEK 02\PRACTICAL\DM2231_LAB2_MVC\DM2231_LAB2\DEBUG\MAIN.OBJ
D:\MY DOCUMENTS\2015_2016_SEM1\DM2231 GDT\TEACHING MATERIALS\WEEK 02\PRACTICAL\DM2231_LAB2_MVC\DM2231_LAB2\DEBUG\MOUSE.OBJ
D:\My Documents\2015_2016_SEM1\DM2231 GDT\Teaching Materials\Week 02\Practical\DM2231_Lab2_MVC\DM2231_Lab2\Debug\mt.command.1.tlog
D:\My Documents\2015_2016_SEM1\DM2231 GDT\Teaching Materials\Week 02\Practical\DM2231_Lab2_MVC\DM2231_Lab2\Debug\mt.read.1.tlog
D:\My Documents\2015_2016_SEM1\DM2231 GDT\Teaching Materials\Week 02\Practical\DM2231_Lab2_MVC\DM2231_Lab2\Debug\mt.write.1.tlog
D:\My Documents\2015_2016_SEM1\DM2231 GDT\Teaching Materials\Week 02\Practical\DM2231_Lab2_MVC\DM2231_Lab2\Debug\rc.command.1.tlog
D:\My Documents\2015_2016_SEM1\DM2231 GDT\Teaching Materials\Week 02\Practical\DM2231_Lab2_MVC\DM2231_Lab2\Debug\rc.read.1.tlog
D:\My Documents\2015_2016_SEM1\DM2231 GDT\Teaching Materials\Week 02\Practical\DM2231_Lab2_MVC\DM2231_Lab2\Debug\rc.write.1.tlog
D:\My Documents\2015_2016_SEM1\DM2231 GDT\Teaching Materials\Week 02\Practical\DM2231_Lab2_MVC\DM2231_Lab2\Debug\vc100.idb
D:\MY DOCUMENTS\2015_2016_SEM1\DM2231 GDT\TEACHING MATERIALS\WEEK 02\PRACTICAL\DM2231_LAB2_MVC\DM2231_LAB2\DEBUG\VC100.PDB
