Build started 2/5/2015 7:46:39 PM.
     1>Project "C:\Users\Jun Xiang\Documents\GameDev\Framework\Base\Base.vcxproj" on node 2 (build target(s)).
     1>InitializeBuildStatus:
         Creating "Release\Base.unsuccessfulbuild" because "AlwaysCreate" was specified.
       ClCompile:
         C:\Program Files (x86)\Microsoft Visual Studio 10.0\VC\bin\CL.exe /c /I"C:\Users\Jun Xiang\Documents\GameDev\Framework\\glew\include" /I"C:\Users\Jun Xiang\Documents\GameDev\Framework\\glfw\include" /I"C:\Users\Jun Xiang\Documents\GameDev\Framework\\Common\Source" /I"C:\Users\Jun Xiang\Documents\GameDev\Framework\\irrKlang-1.5.0\include" /Zi /nologo /W3 /WX- /O2 /Oi /Oy- /GL /D _VARIADIC_MAX=10 /D WIN32 /D NDEBUG /D _CONSOLE /D _UNICODE /D UNICODE /Gm- /EHsc /MD /GS /Gy /fp:precise /Zc:wchar_t /Zc:forScope /Fo"Release\\" /Fd"Release\vc100.pdb" /Gd /TP /analyze- /errorReport:prompt Source\Application.cpp Source\Bullet.cpp Source\Camera.cpp Source\Character.cpp Source\FPcamera.cpp Source\GameObject.cpp Source\Init_Functions.cpp Source\Inventory.cpp Source\LoadOBJ.cpp Source\LoadTGA.cpp Source\main.cpp Source\Mesh.cpp Source\MeshBuilder.cpp Source\Render_Functions.cpp Source\SceneBase.cpp Source\shader.cpp Source\threeDhitbox.cpp Source\twoDhitbox.cpp Source\Update_Functions.cpp Source\Utility.cpp Source\Weapon.cpp
         Application.cpp
         Bullet.cpp
         Camera.cpp
         Character.cpp
         FPcamera.cpp
         GameObject.cpp
         Init_Functions.cpp
         Inventory.cpp
         LoadOBJ.cpp
         LoadTGA.cpp
         main.cpp
         Mesh.cpp
         MeshBuilder.cpp
         Render_Functions.cpp
     1>Source\Render_Functions.cpp(167): warning C4018: '<' : signed/unsigned mismatch
         SceneBase.cpp
         shader.cpp
         threeDhitbox.cpp
         twoDhitbox.cpp
         Update_Functions.cpp
         Utility.cpp
         Compiling...
         Weapon.cpp
     1>Source\Weapon.cpp(195): warning C4244: 'argument' : conversion from 'double' to 'float', possible loss of data
     1>Source\Weapon.cpp(195): warning C4244: 'argument' : conversion from 'double' to 'float', possible loss of data
     1>Source\Weapon.cpp(195): warning C4244: 'argument' : conversion from 'double' to 'float', possible loss of data
       Link:
         C:\Program Files (x86)\Microsoft Visual Studio 10.0\VC\bin\link.exe /ERRORREPORT:PROMPT /OUT:"C:\Users\Jun Xiang\Documents\GameDev\Framework\Release\Base.exe" /INCREMENTAL:NO /NOLOGO /LIBPATH:"C:\Users\Jun Xiang\Documents\GameDev\Framework\\glew\lib" /LIBPATH:"C:\Users\Jun Xiang\Documents\GameDev\Framework\\glfw\lib-msvc100" /LIBPATH:"C:\Users\Jun Xiang\Documents\GameDev\Framework\\irrKlang-1.5.0\lib\Win32-visualStudio" /LIBPATH:"C:\Users\Jun Xiang\Documents\GameDev\Framework\Release" Common.lib winmm.lib opengl32.lib glu32.lib glew32.lib glfw3.lib irrKlang.lib kernel32.lib user32.lib gdi32.lib winspool.lib comdlg32.lib advapi32.lib shell32.lib ole32.lib oleaut32.lib uuid.lib odbc32.lib odbccp32.lib /MANIFEST /ManifestFile:"Release\Base.exe.intermediate.manifest" /MANIFESTUAC:"level='asInvoker' uiAccess='false'" /DEBUG /PDB:"C:\Users\Jun Xiang\Documents\GameDev\Framework\Release\Base.pdb" /SUBSYSTEM:CONSOLE /OPT:REF /OPT:ICF /LTCG /TLBID:1 /DYNAMICBASE /NXCOMPAT /IMPLIB:"C:\Users\Jun Xiang\Documents\GameDev\Framework\Release\Base.lib" /MACHINE:X86 Release\Application.obj
         Release\Bullet.obj
         Release\Camera.obj
         Release\Character.obj
         Release\FPcamera.obj
         Release\GameObject.obj
         Release\Init_Functions.obj
         Release\Inventory.obj
         Release\LoadOBJ.obj
         Release\LoadTGA.obj
         Release\main.obj
         Release\Mesh.obj
         Release\MeshBuilder.obj
         Release\Render_Functions.obj
         Release\SceneBase.obj
         Release\shader.obj
         Release\threeDhitbox.obj
         Release\twoDhitbox.obj
         Release\Update_Functions.obj
         Release\Utility.obj
         Release\Weapon.obj
         Generating code
         Finished generating code
         Base.vcxproj -> C:\Users\Jun Xiang\Documents\GameDev\Framework\Release\Base.exe
       Manifest:
         C:\Program Files (x86)\Microsoft SDKs\Windows\v7.0A\bin\mt.exe /nologo /verbose /outputresource:"C:\Users\Jun Xiang\Documents\GameDev\Framework\Release\Base.exe;#1" /manifest Release\Base.exe.intermediate.manifest
       FinalizeBuildStatus:
         Deleting file "Release\Base.unsuccessfulbuild".
         Touching "Release\Base.lastbuildstate".
     1>Done Building Project "C:\Users\Jun Xiang\Documents\GameDev\Framework\Base\Base.vcxproj" (build target(s)).

Build succeeded.

Time Elapsed 00:00:13.11
