Build started 26/4/2015 6:53:56 PM.
     1>Project "C:\Users\Jun Xiang\Documents\GameDev\Framework\Common\Common.vcxproj" on node 2 (build target(s)).
     1>InitializeBuildStatus:
         Creating "Debug\Common.unsuccessfulbuild" because "AlwaysCreate" was specified.
       ClCompile:
         C:\Program Files (x86)\Microsoft Visual Studio 10.0\VC\bin\CL.exe /c /ZI /nologo /W3 /WX- /Od /Oy- /D _VARIADIC_MAX=10 /D WIN32 /D _DEBUG /D _LIB /D _UNICODE /D UNICODE /Gm /EHsc /RTC1 /MDd /GS /fp:precise /Zc:wchar_t /Zc:forScope /Fo"Debug\\" /Fd"Debug\vc100.pdb" /Gd /TP /analyze- /errorReport:prompt Source\MathUtility.cpp
         MathUtility.cpp
     1>c:\users\jun xiang\documents\gamedev\framework\common\source\mathutility.cpp(61): warning C4244: 'return' : conversion from 'double' to 'int', possible loss of data
     1>c:\users\jun xiang\documents\gamedev\framework\common\source\mathutility.cpp(71): warning C4244: 'return' : conversion from 'double' to 'int', possible loss of data
       Lib:
         C:\Program Files (x86)\Microsoft Visual Studio 10.0\VC\bin\Lib.exe /OUT:"C:\Users\Jun Xiang\Documents\GameDev\Framework\Debug\Common.lib" /NOLOGO Debug\MathUtility.obj
         Debug\MatrixStack.obj
         Debug\Mtx44.obj
         Debug\timer.obj
         Debug\Vector2.obj
         Debug\Vector3.obj
         Common.vcxproj -> C:\Users\Jun Xiang\Documents\GameDev\Framework\Debug\Common.lib
       FinalizeBuildStatus:
         Deleting file "Debug\Common.unsuccessfulbuild".
         Touching "Debug\Common.lastbuildstate".
     1>Done Building Project "C:\Users\Jun Xiang\Documents\GameDev\Framework\Common\Common.vcxproj" (build target(s)).

Build succeeded.

Time Elapsed 00:00:00.59
