C:\USERS\JUN XIANG\DOCUMENTS\DM2231_FRAMEWORK\BASE\DEBUG\APPLICATION.OBJ
C:\USERS\JUN XIANG\DOCUMENTS\DM2231_FRAMEWORK\BASE\DEBUG\BASE.EXE.INTERMEDIATE.MANIFEST
C:\USERS\JUN XIANG\DOCUMENTS\DM2231_FRAMEWORK\BASE\DEBUG\CAMERA.OBJ
C:\USERS\JUN XIANG\DOCUMENTS\DM2231_FRAMEWORK\BASE\DEBUG\CAMERA2.OBJ
C:\USERS\JUN XIANG\DOCUMENTS\DM2231_FRAMEWORK\BASE\DEBUG\CAMERA3.OBJ
C:\USERS\JUN XIANG\DOCUMENTS\DM2231_FRAMEWORK\BASE\DEBUG\LOADOBJ.OBJ
C:\USERS\JUN XIANG\DOCUMENTS\DM2231_FRAMEWORK\BASE\DEBUG\LOADTGA.OBJ
C:\USERS\JUN XIANG\DOCUMENTS\DM2231_FRAMEWORK\BASE\DEBUG\MAIN.OBJ
C:\USERS\JUN XIANG\DOCUMENTS\DM2231_FRAMEWORK\BASE\DEBUG\MESH.OBJ
C:\USERS\JUN XIANG\DOCUMENTS\DM2231_FRAMEWORK\BASE\DEBUG\MESHBUILDER.OBJ
C:\USERS\JUN XIANG\DOCUMENTS\DM2231_FRAMEWORK\BASE\DEBUG\SCENE1.OBJ
C:\USERS\JUN XIANG\DOCUMENTS\DM2231_FRAMEWORK\BASE\DEBUG\SCENE2.OBJ
C:\USERS\JUN XIANG\DOCUMENTS\DM2231_FRAMEWORK\BASE\DEBUG\SCENE3.OBJ
C:\USERS\JUN XIANG\DOCUMENTS\DM2231_FRAMEWORK\BASE\DEBUG\SCENE4.OBJ
C:\USERS\JUN XIANG\DOCUMENTS\DM2231_FRAMEWORK\BASE\DEBUG\SCENE5.OBJ
C:\USERS\JUN XIANG\DOCUMENTS\DM2231_FRAMEWORK\BASE\DEBUG\SCENELIGHT.OBJ
C:\USERS\JUN XIANG\DOCUMENTS\DM2231_FRAMEWORK\BASE\DEBUG\SCENELIGHT2.OBJ
C:\USERS\JUN XIANG\DOCUMENTS\DM2231_FRAMEWORK\BASE\DEBUG\SCENESKYBOX.OBJ
C:\USERS\JUN XIANG\DOCUMENTS\DM2231_FRAMEWORK\BASE\DEBUG\SCENETEXT.OBJ
C:\USERS\JUN XIANG\DOCUMENTS\DM2231_FRAMEWORK\BASE\DEBUG\SCENETEXTURE.OBJ
C:\USERS\JUN XIANG\DOCUMENTS\DM2231_FRAMEWORK\BASE\DEBUG\SHADER.OBJ
C:\USERS\JUN XIANG\DOCUMENTS\DM2231_FRAMEWORK\BASE\DEBUG\UTILITY.OBJ
C:\USERS\JUN XIANG\DOCUMENTS\DM2231_FRAMEWORK\BASE\DEBUG\VC100.PDB
C:\USERS\JUN XIANG\DOCUMENTS\DM2231_FRAMEWORK\DEBUG\BASE.EXE
C:\USERS\JUN XIANG\DOCUMENTS\DM2231_FRAMEWORK\DEBUG\BASE.PDB
C:\USERS\JUN XIANG\DOCUMENTS\GAMEDEV\FRAMEWORK\BASE\DEBUG\APPLICATION.OBJ
C:\USERS\JUN XIANG\DOCUMENTS\GAMEDEV\FRAMEWORK\BASE\DEBUG\BASE.EXE.INTERMEDIATE.MANIFEST
C:\Users\Jun Xiang\Documents\GameDev\Framework\Base\Debug\Base.vcxprojResolveAssemblyReference.cache
C:\Users\Jun Xiang\Documents\GameDev\Framework\Base\Debug\Base.write.1.tlog
C:\USERS\JUN XIANG\DOCUMENTS\GAMEDEV\FRAMEWORK\BASE\DEBUG\CAMERA.OBJ
C:\USERS\JUN XIANG\DOCUMENTS\GAMEDEV\FRAMEWORK\BASE\DEBUG\CAMERA2.OBJ
C:\USERS\JUN XIANG\DOCUMENTS\GAMEDEV\FRAMEWORK\BASE\DEBUG\CAMERA3.OBJ
C:\Users\Jun Xiang\Documents\GameDev\Framework\Base\Debug\cl.command.1.tlog
C:\Users\Jun Xiang\Documents\GameDev\Framework\Base\Debug\CL.read.1.tlog
C:\Users\Jun Xiang\Documents\GameDev\Framework\Base\Debug\CL.write.1.tlog
C:\USERS\JUN XIANG\DOCUMENTS\GAMEDEV\FRAMEWORK\BASE\DEBUG\FPCAMERA.OBJ
C:\USERS\JUN XIANG\DOCUMENTS\GAMEDEV\FRAMEWORK\BASE\DEBUG\INIT_FUNCTIONS.OBJ
C:\Users\Jun Xiang\Documents\GameDev\Framework\Base\Debug\link.command.1.tlog
C:\Users\Jun Xiang\Documents\GameDev\Framework\Base\Debug\link.read.1.tlog
C:\Users\Jun Xiang\Documents\GameDev\Framework\Base\Debug\link.write.1.tlog
C:\USERS\JUN XIANG\DOCUMENTS\GAMEDEV\FRAMEWORK\BASE\DEBUG\LOADOBJ.OBJ
C:\USERS\JUN XIANG\DOCUMENTS\GAMEDEV\FRAMEWORK\BASE\DEBUG\LOADTGA.OBJ
C:\USERS\JUN XIANG\DOCUMENTS\GAMEDEV\FRAMEWORK\BASE\DEBUG\MAIN.OBJ
C:\USERS\JUN XIANG\DOCUMENTS\GAMEDEV\FRAMEWORK\BASE\DEBUG\MESH.OBJ
C:\USERS\JUN XIANG\DOCUMENTS\GAMEDEV\FRAMEWORK\BASE\DEBUG\MESHBUILDER.OBJ
C:\Users\Jun Xiang\Documents\GameDev\Framework\Base\Debug\mt.command.1.tlog
C:\Users\Jun Xiang\Documents\GameDev\Framework\Base\Debug\mt.read.1.tlog
C:\Users\Jun Xiang\Documents\GameDev\Framework\Base\Debug\mt.write.1.tlog
C:\USERS\JUN XIANG\DOCUMENTS\GAMEDEV\FRAMEWORK\BASE\DEBUG\RENDER_ALL.OBJ
C:\USERS\JUN XIANG\DOCUMENTS\GAMEDEV\FRAMEWORK\BASE\DEBUG\RENDER_FUNCTIONS.OBJ
C:\USERS\JUN XIANG\DOCUMENTS\GAMEDEV\FRAMEWORK\BASE\DEBUG\SCENE1.OBJ
C:\USERS\JUN XIANG\DOCUMENTS\GAMEDEV\FRAMEWORK\BASE\DEBUG\SCENE2.OBJ
C:\USERS\JUN XIANG\DOCUMENTS\GAMEDEV\FRAMEWORK\BASE\DEBUG\SCENE3.OBJ
C:\USERS\JUN XIANG\DOCUMENTS\GAMEDEV\FRAMEWORK\BASE\DEBUG\SCENE4.OBJ
C:\USERS\JUN XIANG\DOCUMENTS\GAMEDEV\FRAMEWORK\BASE\DEBUG\SCENE5.OBJ
C:\USERS\JUN XIANG\DOCUMENTS\GAMEDEV\FRAMEWORK\BASE\DEBUG\SCENELIGHT.OBJ
C:\USERS\JUN XIANG\DOCUMENTS\GAMEDEV\FRAMEWORK\BASE\DEBUG\SCENELIGHT2.OBJ
C:\USERS\JUN XIANG\DOCUMENTS\GAMEDEV\FRAMEWORK\BASE\DEBUG\SCENESKYBOX.OBJ
C:\USERS\JUN XIANG\DOCUMENTS\GAMEDEV\FRAMEWORK\BASE\DEBUG\SCENETEXT.OBJ
C:\USERS\JUN XIANG\DOCUMENTS\GAMEDEV\FRAMEWORK\BASE\DEBUG\SCENETEXTURE.OBJ
C:\USERS\JUN XIANG\DOCUMENTS\GAMEDEV\FRAMEWORK\BASE\DEBUG\SHADER.OBJ
C:\USERS\JUN XIANG\DOCUMENTS\GAMEDEV\FRAMEWORK\BASE\DEBUG\UPDATE_FUNCTIONS.OBJ
C:\USERS\JUN XIANG\DOCUMENTS\GAMEDEV\FRAMEWORK\BASE\DEBUG\UTILITY.OBJ
C:\Users\Jun Xiang\Documents\GameDev\Framework\Base\Debug\vc100.idb
C:\USERS\JUN XIANG\DOCUMENTS\GAMEDEV\FRAMEWORK\BASE\DEBUG\VC100.PDB
C:\USERS\JUN XIANG\DOCUMENTS\GAMEDEV\FRAMEWORK\DEBUG\BASE.EXE
C:\USERS\JUN XIANG\DOCUMENTS\GAMEDEV\FRAMEWORK\DEBUG\BASE.PDB
