Build started 7/7/2015 9:10:53 PM.
     1>Project "C:\Users\Jun Xiang\Documents\Framework\Framework\Common\Common.vcxproj" on node 2 (rebuild target(s)).
     1>_PrepareForClean:
         Deleting file "Release\Common.lastbuildstate".
       InitializeBuildStatus:
         Creating "Release\Common.unsuccessfulbuild" because "AlwaysCreate" was specified.
       ClCompile:
         C:\Program Files (x86)\Microsoft Visual Studio 10.0\VC\bin\CL.exe /c /Zi /nologo /W3 /WX- /O2 /Oi /Oy- /GL /D _VARIADIC_MAX=10 /D WIN32 /D NDEBUG /D _LIB /D _UNICODE /D UNICODE /Gm- /EHsc /MD /GS /Gy /fp:precise /Zc:wchar_t /Zc:forScope /Fo"Release\\" /Fd"Release\vc100.pdb" /Gd /TP /analyze- /errorReport:prompt Source\MathUtility.cpp Source\MatrixStack.cpp Source\Mtx44.cpp Source\timer.cpp Source\Vector2.cpp Source\Vector3.cpp
         MathUtility.cpp
     1>Source\MathUtility.cpp(61): warning C4244: 'return' : conversion from 'double' to 'int', possible loss of data
     1>Source\MathUtility.cpp(71): warning C4244: 'return' : conversion from 'double' to 'int', possible loss of data
         MatrixStack.cpp
         Mtx44.cpp
         timer.cpp
         Vector2.cpp
         Vector3.cpp
       Lib:
         C:\Program Files (x86)\Microsoft Visual Studio 10.0\VC\bin\Lib.exe /OUT:"C:\Users\Jun Xiang\Documents\Framework\Framework\Release\Common.lib" /NOLOGO /LTCG Release\MathUtility.obj
         Release\MatrixStack.obj
         Release\Mtx44.obj
         Release\timer.obj
         Release\Vector2.obj
         Release\Vector3.obj
         Common.vcxproj -> C:\Users\Jun Xiang\Documents\Framework\Framework\Release\Common.lib
       FinalizeBuildStatus:
         Deleting file "Release\Common.unsuccessfulbuild".
         Touching "Release\Common.lastbuildstate".
     1>Done Building Project "C:\Users\Jun Xiang\Documents\Framework\Framework\Common\Common.vcxproj" (rebuild target(s)).

Build succeeded.

Time Elapsed 00:00:01.48
